Starting GamemarketApplication on godbb with PID 25312 (C:\Users\Administrator\Desktop\server\target\classes started by Administrator in C:\Users\Administrator\Desktop\server)
No active profile set, falling back to default profiles: default
Refreshing org.springframework.boot.web.servlet.context.AnnotationConfigServletWebServerApplicationContext@2d0b71b: startup date [Mon Mar 18 14:47:12 SGT 2019]; root of context hierarchy
Multiple Spring Data modules found, entering strict repository configuration mode!
Spring Data Elasticsearch - Could not safely identify store assignment for repository candidate interface com.jerry.gamemarket.dao.ArticleDao.
Spring Data Elasticsearch - Could not safely identify store assignment for repository candidate interface com.jerry.gamemarket.dao.BanUserDao.
Spring Data Elasticsearch - Could not safely identify store assignment for repository candidate interface com.jerry.gamemarket.dao.CanCommentDao.
Spring Data Elasticsearch - Could not safely identify store assignment for repository candidate interface com.jerry.gamemarket.dao.CanLikeHistoryDao.
Spring Data Elasticsearch - Could not safely identify store assignment for repository candidate interface com.jerry.gamemarket.dao.CanteenArticleDao.
Spring Data Elasticsearch - Could not safely identify store assignment for repository candidate interface com.jerry.gamemarket.dao.CanteenCategoryDao.
Spring Data Elasticsearch - Could not safely identify store assignment for repository candidate interface com.jerry.gamemarket.dao.CanteenDao.
Spring Data Elasticsearch - Could not safely identify store assignment for repository candidate interface com.jerry.gamemarket.dao.CommentDao.
Spring Data Elasticsearch - Could not safely identify store assignment for repository candidate interface com.jerry.gamemarket.dao.CouponCategoryDao.
Spring Data Elasticsearch - Could not safely identify store assignment for repository candidate interface com.jerry.gamemarket.dao.CouponDao.
Spring Data Elasticsearch - Could not safely identify store assignment for repository candidate interface com.jerry.gamemarket.dao.LikeHistoryDao.
Spring Data Elasticsearch - Could not safely identify store assignment for repository candidate interface com.jerry.gamemarket.dao.OrderDetailDao.
Spring Data Elasticsearch - Could not safely identify store assignment for repository candidate interface com.jerry.gamemarket.dao.OrderMasterDao.
Spring Data Elasticsearch - Could not safely identify store assignment for repository candidate interface com.jerry.gamemarket.dao.ProductCategoryDao.
Spring Data Elasticsearch - Could not safely identify store assignment for repository candidate interface com.jerry.gamemarket.dao.ProductDao.
Multiple Spring Data modules found, entering strict repository configuration mode!
JSR-330 'javax.inject.Inject' annotation found and supported for autowiring
Bean 'org.springframework.transaction.annotation.ProxyTransactionManagementConfiguration' of type [org.springframework.transaction.annotation.ProxyTransactionManagementConfiguration$$EnhancerBySpringCGLIB$$8ade71a1] is not eligible for getting processed by all BeanPostProcessors (for example: not eligible for auto-proxying)
Tomcat initialized with port(s): 8087 (http)
Initializing ProtocolHandler ["http-nio-8087"]
Starting service [Tomcat]
Starting Servlet Engine: Apache Tomcat/8.5.34
The APR based Apache Tomcat Native library which allows optimal performance in production environments was not found on the java.library.path: [C:\Program Files\Java\jdk1.8.0_151\bin;C:\Windows\Sun\Java\bin;C:\Windows\system32;C:\Windows;C:\Program Files (x86)\Common Files\Oracle\Java\javapath;C:\ProgramData\Oracle\Java\javapath;C:\Windows\system32;C:\Windows;C:\Windows\System32\Wbem;C:\Windows\System32\WindowsPowerShell\v1.0\;Adroid;C:\Program Files (x86)\NVIDIA Corporation\PhysX\Common;C:\Program Files (x86)\Microsoft SQL Server\110\Tools\Binn\;C:\Program Files\Microsoft SQL Server\110\Tools\Binn\;C:\Program Files\Microsoft SQL Server\110\DTS\Binn\;C:\Program Files (x86)\Microsoft SQL Server\110\Tools\Binn\ManagementStudio\;C:\Program Files (x86)\Microsoft SQL Server\110\DTS\Binn\;C:\Program Files (x86)\MySQL\MySQL Fabric 1.5.4 & MySQL Utilities 1.5.4 1.5\;C:\Program Files (x86)\MySQL\MySQL Fabric 1.5.4 & MySQL Utilities 1.5.4 1.5\Doctrine extensions for PHP\;E:\软件\JAVA\Git\cmd;C:\Program Files\nodejs\;C:\Users\Administrator\AppData\Local\GitHubDesktop\bin;C:\Users\Administrator\AppData\Roaming\npm;C:\Program Files\nodejs\node_global;.]
Initializing Spring embedded WebApplicationContext
Root WebApplicationContext: initialization completed in 3300 ms
Servlet dispatcherServlet mapped to [/]
Mapping filter: 'characterEncodingFilter' to: [/*]
Mapping filter: 'hiddenHttpMethodFilter' to: [/*]
Mapping filter: 'httpPutFormContentFilter' to: [/*]
Mapping filter: 'requestContextFilter' to: [/*]
HikariPool-1 - Starting...
HikariPool-1 - Driver does not support get/set network timeout for connections. (com.mysql.jdbc.JDBC4Connection.getNetworkTimeout()I)
HikariPool-1 - Start completed.
Building JPA container EntityManagerFactory for persistence unit 'default'
HHH000204: Processing PersistenceUnitInfo [
	name: default
	...]
HHH000412: Hibernate Core {5.2.17.Final}
HHH000206: hibernate.properties not found
HCANN000001: Hibernate Commons Annotations {5.0.1.Final}
HHH000400: Using dialect: org.hibernate.dialect.MySQL5Dialect
HHH000423: Disabling contextual LOB creation as JDBC driver reported JDBC version [3] less than 4
Initialized JPA EntityManagerFactory for persistence unit 'default'
HHH000397: Using ASTQueryTranslatorFactory
spring.jpa.open-in-view is enabled by default. Therefore, database queries may be performed during view rendering. Explicitly configure spring.jpa.open-in-view to disable this warning
Mapped "{[/buyer/article/list],methods=[GET]}" onto public com.jerry.gamemarket.VO.ResultVO<java.util.List<com.jerry.gamemarket.dto.ArticleDTO>> com.jerry.gamemarket.controller.BuyerArticleController.list(java.lang.String)
Mapped "{[/buyer/article/deleteArticle],methods=[DELETE]}" onto public com.jerry.gamemarket.VO.ResultVO com.jerry.gamemarket.controller.BuyerArticleController.deleteArticle(java.lang.Integer,java.lang.String)
Mapped "{[/buyer/article/createArticle],methods=[POST]}" onto public com.jerry.gamemarket.VO.ResultVO<java.util.Map<java.lang.String, java.lang.String>> com.jerry.gamemarket.controller.BuyerArticleController.createArticle(com.jerry.gamemarket.form.CreateArticle,org.springframework.validation.BindingResult)
Mapped "{[/buyer/article/deleteComment],methods=[DELETE]}" onto public com.jerry.gamemarket.VO.ResultVO com.jerry.gamemarket.controller.BuyerArticleController.deleteComment(java.lang.Integer,java.lang.String)
Mapped "{[/buyer/article/addlikes],methods=[POST]}" onto public com.jerry.gamemarket.VO.ResultVO com.jerry.gamemarket.controller.BuyerArticleController.addLikes(com.jerry.gamemarket.form.LikesForm,org.springframework.validation.BindingResult)
Mapped "{[/buyer/article/createComment],methods=[POST]}" onto public com.jerry.gamemarket.VO.ResultVO<com.jerry.gamemarket.dto.CommentDTO> com.jerry.gamemarket.controller.BuyerArticleController.createComment(com.jerry.gamemarket.form.CreateComment,org.springframework.validation.BindingResult)
Mapped "{[/buyer/article/canteen/list],methods=[GET]}" onto public com.jerry.gamemarket.VO.ResultVO<java.util.List<com.jerry.gamemarket.VO.CanArticleVO>> com.jerry.gamemarket.controller.BuyerCanArticleController.list()
Mapped "{[/buyer/article/canteen/detail],methods=[GET]}" onto public com.jerry.gamemarket.VO.ResultVO com.jerry.gamemarket.controller.BuyerCanArticleController.detail(java.lang.Integer,java.util.Map<java.lang.String, java.lang.Object>)
Mapped "{[/buyer/article/canteen/deleteArticle],methods=[DELETE]}" onto public com.jerry.gamemarket.VO.ResultVO com.jerry.gamemarket.controller.BuyerCanArticleController.deleteArticle(java.lang.Integer,java.lang.String)
Mapped "{[/buyer/article/canteen/createArticle],methods=[POST]}" onto public com.jerry.gamemarket.VO.ResultVO<java.util.Map<java.lang.String, java.lang.String>> com.jerry.gamemarket.controller.BuyerCanArticleController.createArticle(com.jerry.gamemarket.form.CreateArticle,org.springframework.validation.BindingResult)
Mapped "{[/buyer/article/canteen/deleteComment],methods=[DELETE]}" onto public com.jerry.gamemarket.VO.ResultVO com.jerry.gamemarket.controller.BuyerCanArticleController.deleteComment(java.lang.Integer,java.lang.String)
Mapped "{[/buyer/article/canteen/addlikes],methods=[POST]}" onto public com.jerry.gamemarket.VO.ResultVO com.jerry.gamemarket.controller.BuyerCanArticleController.addLikes(com.jerry.gamemarket.form.LikesForm,org.springframework.validation.BindingResult)
Mapped "{[/buyer/article/canteen/createComment],methods=[POST]}" onto public com.jerry.gamemarket.VO.ResultVO<com.jerry.gamemarket.dto.CanCommentDTO> com.jerry.gamemarket.controller.BuyerCanArticleController.createComment(com.jerry.gamemarket.form.CreateComment,org.springframework.validation.BindingResult)
Mapped "{[/buyer/article/canteen/mylist],methods=[GET]}" onto public com.jerry.gamemarket.VO.ResultVO<java.util.List<com.jerry.gamemarket.VO.CanArticleVO>> com.jerry.gamemarket.controller.BuyerCanArticleController.mylist()
Mapped "{[/canteens/list],methods=[GET]}" onto public com.jerry.gamemarket.VO.ResultVO com.jerry.gamemarket.controller.BuyerCanteensController.list()
Mapped "{[/canteens/canteenslist],methods=[GET]}" onto public com.jerry.gamemarket.VO.ResultVO com.jerry.gamemarket.controller.BuyerCanteensController.prolist()
Mapped "{[/canteens/product],methods=[GET]}" onto public com.jerry.gamemarket.VO.ResultVO com.jerry.gamemarket.controller.BuyerCanteensController.prolist(java.lang.String)
Mapped "{[/buyer/product/list],methods=[GET]}" onto public com.jerry.gamemarket.VO.ResultVO com.jerry.gamemarket.controller.BuyerProductController.list()
Mapped "{[/buyer/order/create],methods=[POST]}" onto public com.jerry.gamemarket.VO.ResultVO<java.util.Map<java.lang.String, java.lang.String>> com.jerry.gamemarket.controller.BuyOrderController.create(com.jerry.gamemarket.form.OrderForm,org.springframework.validation.BindingResult)
Mapped "{[/buyer/order/list],methods=[GET]}" onto public com.jerry.gamemarket.VO.ResultVO<java.util.List<com.jerry.gamemarket.dto.OrderDTO>> com.jerry.gamemarket.controller.BuyOrderController.list(java.lang.String,java.lang.Integer,java.lang.Integer)
Mapped "{[/buyer/order/details],methods=[GET]}" onto public com.jerry.gamemarket.VO.ResultVO<com.jerry.gamemarket.dto.OrderDTO> com.jerry.gamemarket.controller.BuyOrderController.detail(java.lang.String,java.lang.String)
Mapped "{[/buyer/order/cancel],methods=[POST]}" onto public com.jerry.gamemarket.VO.ResultVO<com.jerry.gamemarket.dto.OrderDTO> com.jerry.gamemarket.controller.BuyOrderController.cancel(java.lang.String,java.lang.String)
Mapped "{[/pay/notify],methods=[POST]}" onto public org.springframework.web.servlet.ModelAndView com.jerry.gamemarket.controller.PayController.notify(java.lang.String)
Mapped "{[/pay/create],methods=[GET]}" onto public org.springframework.web.servlet.ModelAndView com.jerry.gamemarket.controller.PayController.create(java.lang.String,java.lang.String,java.util.Map<java.lang.String, java.lang.Object>)
Mapped "{[/seller/article/list],methods=[GET]}" onto public org.springframework.web.servlet.ModelAndView com.jerry.gamemarket.controller.SellerArticleController.list(java.util.Map<java.lang.String, java.lang.Object>,java.lang.Integer,java.lang.Integer)
Mapped "{[/seller/article/reply],methods=[POST]}" onto public void com.jerry.gamemarket.controller.SellerArticleController.reply(com.jerry.gamemarket.form.CreateComment,org.springframework.validation.BindingResult,java.util.Map<java.lang.String, java.lang.Object>)
Mapped "{[/seller/article/comments],methods=[GET]}" onto public java.util.Map<java.lang.String, java.lang.Object> com.jerry.gamemarket.controller.SellerArticleController.getComments(java.lang.Integer)
Mapped "{[/seller/article/allow],methods=[POST]}" onto public com.jerry.gamemarket.VO.ResultVO com.jerry.gamemarket.controller.SellerArticleController.AllowUser(java.lang.String,java.lang.String,java.lang.String)
Mapped "{[/seller/article/ban],methods=[POST]}" onto public com.jerry.gamemarket.VO.ResultVO com.jerry.gamemarket.controller.SellerArticleController.banUser(java.lang.String,java.lang.String,java.lang.String,java.lang.String)
Mapped "{[/seller/article/delete],methods=[DELETE]}" onto public com.jerry.gamemarket.VO.ResultVO com.jerry.gamemarket.controller.SellerArticleController.deleteReply(java.lang.Integer)
Mapped "{[/seller/article/canteen/list],methods=[GET]}" onto public org.springframework.web.servlet.ModelAndView com.jerry.gamemarket.controller.SellerCanteenArticleController.list(java.util.Map<java.lang.String, java.lang.Object>,java.lang.Integer,java.lang.Integer)
Mapped "{[/seller/article/canteen/reply],methods=[POST]}" onto public void com.jerry.gamemarket.controller.SellerCanteenArticleController.reply(com.jerry.gamemarket.form.CreateComment,org.springframework.validation.BindingResult,java.util.Map<java.lang.String, java.lang.Object>)
Mapped "{[/seller/article/canteen/detail],methods=[GET]}" onto public org.springframework.web.servlet.ModelAndView com.jerry.gamemarket.controller.SellerCanteenArticleController.detail(java.lang.Integer,java.util.Map<java.lang.String, java.lang.Object>)
Mapped "{[/seller/article/canteen/comments],methods=[GET]}" onto public java.util.Map<java.lang.String, java.lang.Object> com.jerry.gamemarket.controller.SellerCanteenArticleController.getComments(java.lang.Integer)
Mapped "{[/seller/article/canteen/allow],methods=[POST]}" onto public com.jerry.gamemarket.VO.ResultVO com.jerry.gamemarket.controller.SellerCanteenArticleController.AllowUser(java.lang.String,java.lang.String,java.lang.String)
Mapped "{[/seller/article/canteen/ban],methods=[POST]}" onto public com.jerry.gamemarket.VO.ResultVO com.jerry.gamemarket.controller.SellerCanteenArticleController.banUser(java.lang.String,java.lang.String,java.lang.String,java.lang.String)
Mapped "{[/seller/article/canteen/delete],methods=[DELETE]}" onto public com.jerry.gamemarket.VO.ResultVO com.jerry.gamemarket.controller.SellerCanteenArticleController.deleteReply(java.lang.Integer)
Mapped "{[/seller/canteen/index],methods=[GET]}" onto public org.springframework.web.servlet.ModelAndView com.jerry.gamemarket.controller.SellerCanteenController.index(java.lang.String,java.util.Map<java.lang.String, java.lang.Object>)
Mapped "{[/seller/canteen/list],methods=[GET]}" onto public org.springframework.web.servlet.ModelAndView com.jerry.gamemarket.controller.SellerCanteenController.list(java.lang.Integer,java.lang.Integer,java.util.Map<java.lang.String, java.lang.Object>)
Mapped "{[/seller/canteen/save],methods=[POST]}" onto public org.springframework.web.servlet.ModelAndView com.jerry.gamemarket.controller.SellerCanteenController.save(com.jerry.gamemarket.form.CanteenForm,org.springframework.validation.BindingResult,java.util.Map<java.lang.String, java.lang.Object>)
Mapped "{[/seller/canteen/goods],methods=[GET]}" onto public org.springframework.web.servlet.ModelAndView com.jerry.gamemarket.controller.SellerCanteenController.detail(java.lang.String,java.lang.Integer,java.lang.Integer,java.util.Map<java.lang.String, java.lang.Object>)
Mapped "{[/seller/order/list],methods=[GET]}" onto public org.springframework.web.servlet.ModelAndView com.jerry.gamemarket.controller.SellerOrderController.list(java.lang.Integer,java.lang.Integer,java.util.Map<java.lang.String, java.lang.Object>)
Mapped "{[/seller/order/finish],methods=[GET]}" onto public org.springframework.web.servlet.ModelAndView com.jerry.gamemarket.controller.SellerOrderController.finish(java.lang.String,java.util.Map<java.lang.String, java.lang.Object>)
Mapped "{[/seller/order/detail],methods=[GET]}" onto public org.springframework.web.servlet.ModelAndView com.jerry.gamemarket.controller.SellerOrderController.detail(java.lang.String,java.util.Map<java.lang.String, java.lang.Object>)
Mapped "{[/seller/order/cancel],methods=[GET]}" onto public org.springframework.web.servlet.ModelAndView com.jerry.gamemarket.controller.SellerOrderController.cancel(java.lang.String,java.util.Map<java.lang.String, java.lang.Object>)
Mapped "{[/seller/order/canteenStatistic],methods=[GET]}" onto public org.springframework.web.servlet.ModelAndView com.jerry.gamemarket.controller.SellerOrderController.echartsTest(java.util.Map<java.lang.String, java.lang.Object>)
Mapped "{[/seller/order/findByNameLike/{name}],methods=[GET]}" onto public java.util.List<com.jerry.gamemarket.entity.OrderMaster> com.jerry.gamemarket.controller.SellerOrderController.findByNameLike(java.lang.String)
Mapped "{[/seller/order/findByCaseAjax],methods=[POST]}" onto public com.querydsl.core.QueryResults<com.jerry.gamemarket.entity.OrderMaster> com.jerry.gamemarket.controller.SellerOrderController.findByCase(com.jerry.gamemarket.dto.SearchOrderDTO)
Mapped "{[/seller/order/findByCase],methods=[POST]}" onto public org.springframework.web.servlet.ModelAndView com.jerry.gamemarket.controller.SellerOrderController.findByCase(java.lang.Integer,java.lang.Integer,com.jerry.gamemarket.form.SearchForm,java.util.Map<java.lang.String, java.lang.Object>)
Mapped "{[/seller/order/findByCasebutton],methods=[POST]}" onto public org.springframework.web.servlet.ModelAndView com.jerry.gamemarket.controller.SellerOrderController.findByCasebutton(java.lang.Integer,java.lang.Integer,com.jerry.gamemarket.form.SearchForm,java.util.Map<java.lang.String, java.lang.Object>)
Mapped "{[/seller/order/orderStatistic],methods=[GET]}" onto public org.springframework.web.servlet.ModelAndView com.jerry.gamemarket.controller.SellerOrderController.echartsTest2(java.util.Map<java.lang.String, java.lang.Object>)
Mapped "{[/seller/product/index],methods=[GET]}" onto public org.springframework.web.servlet.ModelAndView com.jerry.gamemarket.controller.SellerProductController.index(java.lang.String,java.util.Map<java.lang.String, java.lang.Object>)
Mapped "{[/seller/product/list],methods=[GET]}" onto public org.springframework.web.servlet.ModelAndView com.jerry.gamemarket.controller.SellerProductController.list(java.lang.Integer,java.lang.Integer,java.util.Map<java.lang.String, java.lang.Object>)
Mapped "{[/seller/product/save],methods=[POST]}" onto public org.springframework.web.servlet.ModelAndView com.jerry.gamemarket.controller.SellerProductController.save(com.jerry.gamemarket.form.ProductForm,org.springframework.validation.BindingResult,java.util.Map<java.lang.String, java.lang.Object>)
Mapped "{[/seller/product/on_sale]}" onto public org.springframework.web.servlet.ModelAndView com.jerry.gamemarket.controller.SellerProductController.onSale(java.lang.String,java.util.Map<java.lang.String, java.lang.Object>)
Mapped "{[/seller/product/off_sale]}" onto public org.springframework.web.servlet.ModelAndView com.jerry.gamemarket.controller.SellerProductController.offSale(java.lang.String,java.util.Map<java.lang.String, java.lang.Object>)
Mapped "{[/wechat/userInfo],methods=[GET]}" onto public java.lang.String com.jerry.gamemarket.controller.WechatController.userInfo(java.lang.String,java.lang.String)
Mapped "{[/wechat/authorize],methods=[GET]}" onto public java.lang.String com.jerry.gamemarket.controller.WechatController.authorize(java.lang.String)
Mapped "{[/weixin/auth],methods=[GET]}" onto public void com.jerry.gamemarket.controller.WeixinController.auth(java.lang.String)
Mapped "{[/swagger-resources/configuration/ui]}" onto public org.springframework.http.ResponseEntity<springfox.documentation.swagger.web.UiConfiguration> springfox.documentation.swagger.web.ApiResourceController.uiConfiguration()
Mapped "{[/swagger-resources]}" onto public org.springframework.http.ResponseEntity<java.util.List<springfox.documentation.swagger.web.SwaggerResource>> springfox.documentation.swagger.web.ApiResourceController.swaggerResources()
Mapped "{[/swagger-resources/configuration/security]}" onto public org.springframework.http.ResponseEntity<springfox.documentation.swagger.web.SecurityConfiguration> springfox.documentation.swagger.web.ApiResourceController.securityConfiguration()
Mapped "{[/error]}" onto public org.springframework.http.ResponseEntity<java.util.Map<java.lang.String, java.lang.Object>> org.springframework.boot.autoconfigure.web.servlet.error.BasicErrorController.error(javax.servlet.http.HttpServletRequest)
Mapped "{[/error],produces=[text/html]}" onto public org.springframework.web.servlet.ModelAndView org.springframework.boot.autoconfigure.web.servlet.error.BasicErrorController.errorHtml(javax.servlet.http.HttpServletRequest,javax.servlet.http.HttpServletResponse)
Mapped URL path [/v2/api-docs] onto method [public org.springframework.http.ResponseEntity<springfox.documentation.spring.web.json.Json> springfox.documentation.swagger2.web.Swagger2Controller.getDocumentation(java.lang.String,javax.servlet.http.HttpServletRequest)]
Mapped URL path [/**/favicon.ico] onto handler of type [class org.springframework.web.servlet.resource.ResourceHttpRequestHandler]
Looking for @ControllerAdvice: org.springframework.boot.web.servlet.context.AnnotationConfigServletWebServerApplicationContext@2d0b71b: startup date [Mon Mar 18 14:47:12 SGT 2019]; root of context hierarchy
Mapped URL path [/webjars/**] onto handler of type [class org.springframework.web.servlet.resource.ResourceHttpRequestHandler]
Mapped URL path [/**] onto handler of type [class org.springframework.web.servlet.resource.ResourceHttpRequestHandler]
no modules loaded
loaded plugin [org.elasticsearch.index.reindex.ReindexPlugin]
loaded plugin [org.elasticsearch.join.ParentJoinPlugin]
loaded plugin [org.elasticsearch.percolator.PercolatorPlugin]
loaded plugin [org.elasticsearch.script.mustache.MustachePlugin]
loaded plugin [org.elasticsearch.transport.Netty4Plugin]
Adding transport node : 127.0.0.1:9300
ClassTemplateLoader for Spring macros added to FreeMarker configuration
LiveReload server is running on port 35729
Registering beans for JMX exposure on startup
Bean with name 'dataSource' has been autodetected for JMX exposure
Located MBean 'dataSource': registering with JMX server as MBean [com.zaxxer.hikari:name=dataSource,type=HikariDataSource]
Starting beans in phase 2147483647
Context refreshed
Found 1 custom documentation plugin(s)
Scanning for api listing references
Generating unique operation named: listUsingGET_1
Generating unique operation named: addLikesUsingPOST_1
Generating unique operation named: createArticleUsingPOST_1
Generating unique operation named: createCommentUsingPOST_1
Generating unique operation named: deleteArticleUsingDELETE_1
Generating unique operation named: deleteCommentUsingDELETE_1
Generating unique operation named: detailUsingGET_1
Generating unique operation named: listUsingGET_2
Generating unique operation named: listUsingGET_3
Generating unique operation named: prolistUsingGET_1
Generating unique operation named: listUsingGET_4
Generating unique operation named: listUsingGET_5
Generating unique operation named: AllowUserUsingPOST_1
Generating unique operation named: banUserUsingPOST_1
Generating unique operation named: deleteReplyUsingDELETE_1
Generating unique operation named: detailUsingGET_2
Generating unique operation named: getCommentsUsingGET_1
Generating unique operation named: listUsingGET_6
Generating unique operation named: replyUsingPOST_1
Generating unique operation named: detailUsingGET_3
Generating unique operation named: listUsingGET_7
Generating unique operation named: detailUsingGET_4
Generating unique operation named: findByCaseUsingPOST_1
Generating unique operation named: listUsingGET_8
Generating unique operation named: indexUsingGET_1
Generating unique operation named: listUsingGET_9
Generating unique operation named: saveUsingPOST_1
Starting ProtocolHandler ["http-nio-8087"]
Using a shared selector for servlet write/read
Tomcat started on port(s): 8087 (http) with context path ''
Started GamemarketApplication in 13.302 seconds (JVM running for 15.797)
Initializing Spring FrameworkServlet 'dispatcherServlet'
FrameworkServlet 'dispatcherServlet': initialization started
FrameworkServlet 'dispatcherServlet': initialization completed in 40 ms
